  Application.cpp
E:\TimeEngine\Logger\Customizable_Logger\Include\CustomizableLogger.hpp(59,50): warning C4251: 'CustomizableLogger::logLevelColors': 'std::unordered_map<std::string,std::string,std::hash<std::string>,std::equal_to<std::string>,std::allocator<std::pair<const std::string,std::string>>>' needs to have dll-interface to be used by clients of 'CustomizableLogger'
  (compiling source file 'src/Core/Application.cpp')
      D:\Installed\VisualStudio\VisualStudioIDE\VC\Tools\MSVC\14.42.34433\include\unordered_map(61,7):
      see declaration of 'std::unordered_map<std::string,std::string,std::hash<std::string>,std::equal_to<std::string>,std::allocator<std::pair<const std::string,std::string>>>'
  
E:\TimeEngine\Logger\Customizable_Logger\Include\CustomizableLogger.hpp(61,19): warning C4251: 'CustomizableLogger::logFile': 'std::basic_ofstream<char,std::char_traits<char>>' needs to have dll-interface to be used by clients of 'CustomizableLogger'
  (compiling source file 'src/Core/Application.cpp')
      D:\Installed\VisualStudio\VisualStudioIDE\VC\Tools\MSVC\14.42.34433\include\fstream(177,7):
      see declaration of 'std::basic_ofstream<char,std::char_traits<char>>'
  
E:\TimeEngine\Logger\Customizable_Logger\Include\CustomizableLogger.hpp(62,30): warning C4251: 'CustomizableLogger::filterLevels': 'std::vector<std::string,std::allocator<std::string>>' needs to have dll-interface to be used by clients of 'CustomizableLogger'
  (compiling source file 'src/Core/Application.cpp')
      D:\Installed\VisualStudio\VisualStudioIDE\VC\Tools\MSVC\14.42.34433\include\vector(429,7):
      see declaration of 'std::vector<std::string,std::allocator<std::string>>'
  
E:\TimeEngine\Logger\Customizable_Logger\Include\CustomizableLogger.hpp(63,30): warning C4251: 'CustomizableLogger::filterCategories': 'std::vector<std::string,std::allocator<std::string>>' needs to have dll-interface to be used by clients of 'CustomizableLogger'
  (compiling source file 'src/Core/Application.cpp')
      D:\Installed\VisualStudio\VisualStudioIDE\VC\Tools\MSVC\14.42.34433\include\vector(429,7):
      see declaration of 'std::vector<std::string,std::allocator<std::string>>'
  
E:\TimeEngine\Engine\src\Core\Log.h(19,52): warning C4251: 'TE::Log::s_CoreLogger': 'std::unique_ptr<CustomizableLogger,std::default_delete<CustomizableLogger>>' needs to have dll-interface to be used by clients of 'TE::Log'
  (compiling source file 'src/Core/Application.cpp')
      D:\Installed\VisualStudio\VisualStudioIDE\VC\Tools\MSVC\14.42.34433\include\memory(3335,7):
      see declaration of 'std::unique_ptr<CustomizableLogger,std::default_delete<CustomizableLogger>>'
  
E:\TimeEngine\Engine\src\Core\Log.h(20,52): warning C4251: 'TE::Log::s_ClientLogger': 'std::unique_ptr<CustomizableLogger,std::default_delete<CustomizableLogger>>' needs to have dll-interface to be used by clients of 'TE::Log'
  (compiling source file 'src/Core/Application.cpp')
      D:\Installed\VisualStudio\VisualStudioIDE\VC\Tools\MSVC\14.42.34433\include\memory(3335,7):
      see declaration of 'std::unique_ptr<CustomizableLogger,std::default_delete<CustomizableLogger>>'
  
  Engine.vcxproj -> E:\TimeEngine\Bin\Debug-windows-x86_64\Engine\Engine.dll
